# JRE version: OpenJDK Runtime Environment (15.0.1+9) (build 15.0.1+9-18)
# Java VM: OpenJDK 64-Bit Server VM (15.0.1+9-18, mixed mode, sharing, tiered, compressed oops, g1 gc, windows-amd64)
GC Precious Log:
 CPUs: 4 total, 4 available
 Memory: 4010M
 Large Page Support: Disabled
 NUMA Support: Disabled
 Compressed Oops: Enabled (32-bit)
 Heap Region Size: 1M
 Heap Min Capacity: 8M
 Heap Initial Capacity: 64M
 Heap Max Capacity: 1004M
 Pre-touch: Disabled
 Parallel Workers: 4
 Concurrent Workers: 1
 Concurrent Refinement Workers: 4
 Periodic GC: Disabled
Heap:
 garbage-first heap   total 78848K, used 10417K [0x00000000c1400000, 0x0000000100000000)
  region size 1024K, 4 young (4096K), 4 survivors (4096K)
 Metaspace       used 20913K, capacity 21216K, committed 21248K, reserved 1067008K
  class space    used 2691K, capacity 2806K, committed 2816K, reserved 1048576K
GC Heap History (9 events):
Event: 1.732 GC heap before
{Heap before GC invocations=0 (full 0):
 garbage-first heap   total 65536K, used 12288K [0x00000000c1400000, 0x0000000100000000)
  region size 1024K, 13 young (13312K), 0 survivors (0K)
 Metaspace       used 5923K, capacity 6073K, committed 6144K, reserved 1056768K
  class space    used 692K, capacity 738K, committed 768K, reserved 1048576K
}
Event: 1.746 GC heap after
{Heap after GC invocations=1 (full 0):
 garbage-first heap   total 65536K, used 4582K [0x00000000c1400000, 0x0000000100000000)
  region size 1024K, 2 young (2048K), 2 survivors (2048K)
 Metaspace       used 5923K, capacity 6073K, committed 6144K, reserved 1056768K
  class space    used 692K, capacity 738K, committed 768K, reserved 1048576K
}
Event: 2.123 GC heap before
{Heap before GC invocations=1 (full 0):
 garbage-first heap   total 65536K, used 10726K [0x00000000c1400000, 0x0000000100000000)
  region size 1024K, 8 young (8192K), 2 survivors (2048K)
 Metaspace       used 7565K, capacity 7768K, committed 7936K, reserved 1056768K
  class space    used 918K, capacity 981K, committed 1024K, reserved 1048576K
}
Event: 2.131 GC heap after
{Heap after GC invocations=2 (full 0):
 garbage-first heap   total 65536K, used 5473K [0x00000000c1400000, 0x0000000100000000)
  region size 1024K, 1 young (1024K), 1 survivors (1024K)
 Metaspace       used 7565K, capacity 7768K, committed 7936K, reserved 1056768K
  class space    used 918K, capacity 981K, committed 1024K, reserved 1048576K
}
Event: 3.047 GC heap before
{Heap before GC invocations=2 (full 0):
 garbage-first heap   total 65536K, used 28001K [0x00000000c1400000, 0x0000000100000000)
  region size 1024K, 23 young (23552K), 1 survivors (1024K)
 Metaspace       used 12797K, capacity 13090K, committed 13312K, reserved 1060864K
  class space    used 1632K, capacity 1729K, committed 1792K, reserved 1048576K
}
Event: 3.060 GC heap after
{Heap after GC invocations=3 (full 0):
 garbage-first heap   total 65536K, used 6793K [0x00000000c1400000, 0x0000000100000000)
  region size 1024K, 2 young (2048K), 2 survivors (2048K)
 Metaspace       used 12797K, capacity 13090K, committed 13312K, reserved 1060864K
  class space    used 1632K, capacity 1729K, committed 1792K, reserved 1048576K
}
Event: 4.845 GC heap before
{Heap before GC invocations=3 (full 0):
 garbage-first heap   total 65536K, used 39561K [0x00000000c1400000, 0x0000000100000000)
  region size 1024K, 34 young (34816K), 2 survivors (2048K)
 Metaspace       used 17889K, capacity 18222K, committed 18432K, reserved 1064960K
  class space    used 2335K, capacity 2449K, committed 2560K, reserved 1048576K
}
Event: 4.856 GC heap after
{Heap after GC invocations=4 (full 0):
 garbage-first heap   total 65536K, used 8863K [0x00000000c1400000, 0x0000000100000000)
  region size 1024K, 4 young (4096K), 4 survivors (4096K)
 Metaspace       used 17889K, capacity 18222K, committed 18432K, reserved 1064960K
  class space    used 2335K, capacity 2449K, committed 2560K, reserved 1048576K
}
Event: 5.431 GC heap before
{Heap before GC invocations=4 (full 0):
 garbage-first heap   total 65536K, used 25247K [0x00000000c1400000, 0x0000000100000000)
  region size 1024K, 21 young (21504K), 4 survivors (4096K)
 Metaspace       used 20913K, capacity 21216K, committed 21248K, reserved 1067008K
  class space    used 2691K, capacity 2806K, committed 2816K, reserved 1048576K
}

